2024-05-07 19:33:13 - HEART_DISEASE_DETECTION_LOG - 3717085402 - INFO : Number columns identified successfully
2024-05-07 19:33:26 - HEART_DISEASE_DETECTION_LOG - 3385840026 - INFO : Number columns identified successfully
2024-05-07 19:33:26 - HEART_DISEASE_DETECTION_LOG - 3385840026 - INFO : Outliers removed!!!
2024-05-07 19:33:26 - HEART_DISEASE_DETECTION_LOG - 3385840026 - INFO : Outliers removed!!!
2024-05-07 19:33:26 - HEART_DISEASE_DETECTION_LOG - utils - INFO : Outliers removed!!!
2024-05-07 19:33:26 - HEART_DISEASE_DETECTION_LOG - 3385840026 - INFO : Categorical columns  and numerical columns divided successfully
2024-05-07 19:33:30 - HEART_DISEASE_DETECTION_LOG - data_transformation - INFO : Numerical Column ['age', 'sex', 'chest pain type', 'resting bp s', 'cholesterol', 'fasting blood sugar', 'resting ecg', 'max heart rate', 'exercise angina', 'oldpeak', 'ST slope']
2024-05-07 19:33:30 - HEART_DISEASE_DETECTION_LOG - data_transformation - INFO : Pipeline methods creation ends!!!
2024-05-07 19:33:34 - HEART_DISEASE_DETECTION_LOG - 3200642975 - INFO : [[ 0.45007035 -1.52819039  0.90448464 ...  1.45798295  1.37268765
   1.07403133]
 [ 0.45007035  0.65436873 -1.52673452 ... -0.68587908 -0.83128929
  -0.93107153]
 [-1.2893678  -1.52819039 -1.52673452 ... -0.68587908  0.79269372
  -0.93107153]
 ...
 [ 0.68199543  0.65436873  0.90448464 ... -0.68587908 -0.83128929
  -0.93107153]
 [ 0.3341078   0.65436873 -1.52673452 ... -0.68587908 -0.83128929
  -0.93107153]
 [-1.17340526  0.65436873 -1.52673452 ... -0.68587908 -0.83128929
  -0.93107153]]
2024-05-07 19:33:52 - HEART_DISEASE_DETECTION_LOG - utils - INFO : 
====================================================================================

2024-05-07 19:33:52 - HEART_DISEASE_DETECTION_LOG - utils - INFO : The confusion matrix and classification report for the model: SVC is:
2024-05-07 19:33:52 - HEART_DISEASE_DETECTION_LOG - utils - INFO :               precision    recall  f1-score   support

         0.0       0.89      0.95      0.92        77
         1.0       0.94      0.87      0.91        71

    accuracy                           0.91       148
   macro avg       0.91      0.91      0.91       148
weighted avg       0.91      0.91      0.91       148

2024-05-07 19:33:52 - HEART_DISEASE_DETECTION_LOG - utils - INFO : 
====================================================================================

2024-05-07 19:33:52 - HEART_DISEASE_DETECTION_LOG - utils - INFO : 
====================================================================================

2024-05-07 19:33:52 - HEART_DISEASE_DETECTION_LOG - utils - INFO : The best parameters for the modelSVC are {'kernel': 'poly', 'gamma': 'scale', 'degree': 5, 'C': 10}
2024-05-07 19:33:52 - HEART_DISEASE_DETECTION_LOG - utils - INFO : 
====================================================================================

2024-05-07 19:33:52 - HEART_DISEASE_DETECTION_LOG - utils - INFO : Model: SVC, Accuracy score: 0.9121621621621622
2024-05-07 19:33:53 - HEART_DISEASE_DETECTION_LOG - utils - INFO : 
====================================================================================

2024-05-07 19:33:53 - HEART_DISEASE_DETECTION_LOG - utils - INFO : The confusion matrix and classification report for the model: DecisionTree is:
2024-05-07 19:33:53 - HEART_DISEASE_DETECTION_LOG - utils - INFO :               precision    recall  f1-score   support

         0.0       0.83      0.95      0.88        77
         1.0       0.93      0.79      0.85        71

    accuracy                           0.87       148
   macro avg       0.88      0.87      0.87       148
weighted avg       0.88      0.87      0.87       148

2024-05-07 19:33:53 - HEART_DISEASE_DETECTION_LOG - utils - INFO : 
====================================================================================

2024-05-07 19:33:53 - HEART_DISEASE_DETECTION_LOG - utils - INFO : 
====================================================================================

2024-05-07 19:33:53 - HEART_DISEASE_DETECTION_LOG - utils - INFO : The best parameters for the modelDecisionTree are {'min_samples_split': 8, 'min_samples_leaf': 2, 'max_depth': 17}
2024-05-07 19:33:53 - HEART_DISEASE_DETECTION_LOG - utils - INFO : 
====================================================================================

2024-05-07 19:33:53 - HEART_DISEASE_DETECTION_LOG - utils - INFO : Model: DecisionTree, Accuracy score: 0.8716216216216216
2024-05-07 19:34:12 - HEART_DISEASE_DETECTION_LOG - utils - INFO : 
====================================================================================

2024-05-07 19:34:12 - HEART_DISEASE_DETECTION_LOG - utils - INFO : The confusion matrix and classification report for the model: RandomForest is:
2024-05-07 19:34:12 - HEART_DISEASE_DETECTION_LOG - utils - INFO :               precision    recall  f1-score   support

         0.0       0.97      0.94      0.95        77
         1.0       0.93      0.97      0.95        71

    accuracy                           0.95       148
   macro avg       0.95      0.95      0.95       148
weighted avg       0.95      0.95      0.95       148

2024-05-07 19:34:12 - HEART_DISEASE_DETECTION_LOG - utils - INFO : 
====================================================================================

2024-05-07 19:34:12 - HEART_DISEASE_DETECTION_LOG - utils - INFO : 
====================================================================================

2024-05-07 19:34:12 - HEART_DISEASE_DETECTION_LOG - utils - INFO : The best parameters for the modelRandomForest are {'n_estimators': 150, 'min_samples_split': 4, 'min_samples_leaf': 1, 'max_depth': 17}
2024-05-07 19:34:12 - HEART_DISEASE_DETECTION_LOG - utils - INFO : 
====================================================================================

2024-05-07 19:34:12 - HEART_DISEASE_DETECTION_LOG - utils - INFO : Model: RandomForest, Accuracy score: 0.9527027027027027
2024-05-07 19:34:39 - HEART_DISEASE_DETECTION_LOG - utils - INFO : 
====================================================================================

2024-05-07 19:34:39 - HEART_DISEASE_DETECTION_LOG - utils - INFO : The confusion matrix and classification report for the model: GradientBoostingClassification is:
2024-05-07 19:34:39 - HEART_DISEASE_DETECTION_LOG - utils - INFO :               precision    recall  f1-score   support

         0.0       0.92      0.95      0.94        77
         1.0       0.94      0.92      0.93        71

    accuracy                           0.93       148
   macro avg       0.93      0.93      0.93       148
weighted avg       0.93      0.93      0.93       148

2024-05-07 19:34:39 - HEART_DISEASE_DETECTION_LOG - utils - INFO : 
====================================================================================

2024-05-07 19:34:39 - HEART_DISEASE_DETECTION_LOG - utils - INFO : 
====================================================================================

2024-05-07 19:34:39 - HEART_DISEASE_DETECTION_LOG - utils - INFO : The best parameters for the modelGradientBoostingClassification are {'n_estimators': 100, 'min_samples_split': 10, 'min_samples_leaf': 5, 'max_depth': 8, 'learning_rate': 0.2}
2024-05-07 19:34:39 - HEART_DISEASE_DETECTION_LOG - utils - INFO : 
====================================================================================

2024-05-07 19:34:39 - HEART_DISEASE_DETECTION_LOG - utils - INFO : Model: GradientBoostingClassification, Accuracy score: 0.9324324324324325
2024-05-07 19:34:52 - HEART_DISEASE_DETECTION_LOG - utils - INFO : 
====================================================================================

2024-05-07 19:34:52 - HEART_DISEASE_DETECTION_LOG - utils - INFO : The confusion matrix and classification report for the model: BaggingClassification is:
2024-05-07 19:34:52 - HEART_DISEASE_DETECTION_LOG - utils - INFO :               precision    recall  f1-score   support

         0.0       0.96      0.96      0.96        77
         1.0       0.96      0.96      0.96        71

    accuracy                           0.96       148
   macro avg       0.96      0.96      0.96       148
weighted avg       0.96      0.96      0.96       148

2024-05-07 19:34:52 - HEART_DISEASE_DETECTION_LOG - utils - INFO : 
====================================================================================

2024-05-07 19:34:52 - HEART_DISEASE_DETECTION_LOG - utils - INFO : 
====================================================================================

2024-05-07 19:34:52 - HEART_DISEASE_DETECTION_LOG - utils - INFO : The best parameters for the modelBaggingClassification are {'n_estimators': 50, 'max_samples': 0.7, 'max_features': 0.7, 'bootstrap_features': False, 'bootstrap': True}
2024-05-07 19:34:52 - HEART_DISEASE_DETECTION_LOG - utils - INFO : 
====================================================================================

2024-05-07 19:34:52 - HEART_DISEASE_DETECTION_LOG - utils - INFO : Model: BaggingClassification, Accuracy score: 0.9594594594594594
2024-05-07 19:34:52 - HEART_DISEASE_DETECTION_LOG - utils - INFO : Model evaluation complete
