2024-05-07 19:51:36 - HEART_DISEASE_DETECTION_LOG - utils - INFO : Object loaded successfully
2024-05-07 19:51:36 - HEART_DISEASE_DETECTION_LOG - utils - INFO : Object loaded successfully
2024-05-07 19:51:36 - HEART_DISEASE_DETECTION_LOG - app - INFO :     age  sex  chest pain type  resting bp s  cholesterol  fasting blood sugar  resting ecg  max heart rate  exercise angina  oldpeak  ST slope
0  50.0    1                4         150.0        400.0                    1            0           150.0                1      2.0         2
2024-05-07 19:51:39 - HEART_DISEASE_DETECTION_LOG - utils - INFO : Object loaded successfully
2024-05-07 19:51:39 - HEART_DISEASE_DETECTION_LOG - utils - INFO : Object loaded successfully
2024-05-07 19:51:39 - HEART_DISEASE_DETECTION_LOG - app - INFO :     age  sex  chest pain type  resting bp s  cholesterol  fasting blood sugar  resting ecg  max heart rate  exercise angina  oldpeak  ST slope
0  50.0    1                4         150.0        400.0                    1            0           150.0                1      2.0         2
2024-05-07 19:51:39 - HEART_DISEASE_DETECTION_LOG - app - INFO : transformation done for new data!!!
2024-05-07 19:51:39 - HEART_DISEASE_DETECTION_LOG - app - INFO : prediction done!!!
2024-05-07 19:51:49 - HEART_DISEASE_DETECTION_LOG - utils - INFO : Object loaded successfully
2024-05-07 19:51:49 - HEART_DISEASE_DETECTION_LOG - utils - INFO : Object loaded successfully
2024-05-07 19:51:49 - HEART_DISEASE_DETECTION_LOG - app - INFO :     age  sex  chest pain type  resting bp s  cholesterol  fasting blood sugar  resting ecg  max heart rate  exercise angina  oldpeak  ST slope
0  50.0    1                4         150.0        150.0                    1            0           150.0                1      2.0         2
2024-05-07 19:51:49 - HEART_DISEASE_DETECTION_LOG - utils - INFO : Object loaded successfully
2024-05-07 19:51:49 - HEART_DISEASE_DETECTION_LOG - utils - INFO : Object loaded successfully
2024-05-07 19:51:49 - HEART_DISEASE_DETECTION_LOG - app - INFO :     age  sex  chest pain type  resting bp s  cholesterol  fasting blood sugar  resting ecg  max heart rate  exercise angina  oldpeak  ST slope
0  50.0    1                4         150.0        150.0                    1            0           150.0                1      2.0         2
2024-05-07 19:51:49 - HEART_DISEASE_DETECTION_LOG - app - INFO : transformation done for new data!!!
2024-05-07 19:51:49 - HEART_DISEASE_DETECTION_LOG - app - INFO : prediction done!!!
2024-05-07 19:51:50 - HEART_DISEASE_DETECTION_LOG - utils - INFO : Object loaded successfully
2024-05-07 19:51:50 - HEART_DISEASE_DETECTION_LOG - utils - INFO : Object loaded successfully
2024-05-07 19:51:50 - HEART_DISEASE_DETECTION_LOG - app - INFO :     age  sex  chest pain type  resting bp s  cholesterol  fasting blood sugar  resting ecg  max heart rate  exercise angina  oldpeak  ST slope
0  50.0    1                4         150.0        150.0                    1            0           150.0                1      2.0         2
2024-05-07 19:51:50 - HEART_DISEASE_DETECTION_LOG - app - INFO : transformation done for new data!!!
2024-05-07 19:51:50 - HEART_DISEASE_DETECTION_LOG - app - INFO : prediction done!!!
2024-05-07 19:51:50 - HEART_DISEASE_DETECTION_LOG - utils - INFO : Object loaded successfully
2024-05-07 19:51:50 - HEART_DISEASE_DETECTION_LOG - utils - INFO : Object loaded successfully
2024-05-07 19:51:51 - HEART_DISEASE_DETECTION_LOG - app - INFO :     age  sex  chest pain type  resting bp s  cholesterol  fasting blood sugar  resting ecg  max heart rate  exercise angina  oldpeak  ST slope
0  50.0    1                4         150.0        150.0                    1            0           150.0                1      2.0         2
2024-05-07 19:51:51 - HEART_DISEASE_DETECTION_LOG - app - INFO : transformation done for new data!!!
2024-05-07 19:51:51 - HEART_DISEASE_DETECTION_LOG - app - INFO : prediction done!!!
2024-05-07 19:51:57 - HEART_DISEASE_DETECTION_LOG - utils - INFO : Object loaded successfully
2024-05-07 19:51:57 - HEART_DISEASE_DETECTION_LOG - utils - INFO : Object loaded successfully
2024-05-07 19:51:57 - HEART_DISEASE_DETECTION_LOG - app - INFO :     age  sex  chest pain type  resting bp s  cholesterol  fasting blood sugar  resting ecg  max heart rate  exercise angina  oldpeak  ST slope
0  50.0    1                4         150.0        150.0                    1            0            80.0                1      2.0         2
2024-05-07 19:51:57 - HEART_DISEASE_DETECTION_LOG - utils - INFO : Object loaded successfully
2024-05-07 19:51:57 - HEART_DISEASE_DETECTION_LOG - utils - INFO : Object loaded successfully
2024-05-07 19:51:57 - HEART_DISEASE_DETECTION_LOG - app - INFO :     age  sex  chest pain type  resting bp s  cholesterol  fasting blood sugar  resting ecg  max heart rate  exercise angina  oldpeak  ST slope
0  50.0    1                4         150.0        150.0                    1            0            80.0                1      2.0         2
2024-05-07 19:51:57 - HEART_DISEASE_DETECTION_LOG - app - INFO : transformation done for new data!!!
2024-05-07 19:51:57 - HEART_DISEASE_DETECTION_LOG - app - INFO : prediction done!!!
2024-05-08 00:22:46 - HEART_DISEASE_DETECTION_LOG - utils - INFO : Object loaded successfully
2024-05-08 00:22:46 - HEART_DISEASE_DETECTION_LOG - utils - INFO : Object loaded successfully
2024-05-08 00:22:46 - HEART_DISEASE_DETECTION_LOG - app - INFO :     age  sex  chest pain type  resting bp s  cholesterol  fasting blood sugar  resting ecg  max heart rate  exercise angina  oldpeak  ST slope
0  50.0    1                4         150.0        150.0                    1            0            80.0                1      2.0         2
