2024-05-07 17:56:01 - HEART_DISEASE_DETECTION_LOG - utils - INFO : Error in load_obj: [Errno 2] No such file or directory: 'artifacts\\model.pkl'
2024-05-07 17:57:45 - HEART_DISEASE_DETECTION_LOG - utils - INFO : Error in load_obj: [Errno 2] No such file or directory: 'artifacts\\preprocessor_obj.pkl'
2024-05-07 17:59:07 - HEART_DISEASE_DETECTION_LOG - utils - INFO : Error in load_obj: [Errno 2] No such file or directory: 'artifacts\\preprocessor_obj.pkl'
2024-05-07 18:05:13 - HEART_DISEASE_DETECTION_LOG - utils - INFO : Object loaded successfully
2024-05-07 18:05:28 - HEART_DISEASE_DETECTION_LOG - utils - INFO : Object loaded successfully
2024-05-07 18:05:36 - HEART_DISEASE_DETECTION_LOG - utils - INFO : Object loaded successfully
2024-05-07 18:05:40 - HEART_DISEASE_DETECTION_LOG - utils - INFO : Object loaded successfully
2024-05-07 18:18:53 - HEART_DISEASE_DETECTION_LOG - utils - INFO : Error in load_obj: [Errno 2] No such file or directory: 'artifacts\\model.pkl'
2024-05-07 18:19:04 - HEART_DISEASE_DETECTION_LOG - utils - INFO : Object loaded successfully
2024-05-07 18:19:06 - HEART_DISEASE_DETECTION_LOG - utils - INFO : Object loaded successfully
2024-05-07 18:28:24 - HEART_DISEASE_DETECTION_LOG - utils - INFO : Object loaded successfully
2024-05-07 18:34:37 - HEART_DISEASE_DETECTION_LOG - 2603569623 - INFO : Number columns identified successfully
2024-05-07 18:34:37 - HEART_DISEASE_DETECTION_LOG - 2603569623 - INFO : Outliers removed!!!
2024-05-07 18:34:37 - HEART_DISEASE_DETECTION_LOG - 2603569623 - INFO : Outliers removed!!!
2024-05-07 18:34:37 - HEART_DISEASE_DETECTION_LOG - utils - INFO : Outliers removed!!!
2024-05-07 18:34:37 - HEART_DISEASE_DETECTION_LOG - 2603569623 - INFO : Categorical columns  and numerical columns divided successfully
2024-05-07 18:37:16 - HEART_DISEASE_DETECTION_LOG - 2366800546 - ERROR : Error in get_data_transformation_object
2024-05-07 18:37:32 - HEART_DISEASE_DETECTION_LOG - 2366800546 - ERROR : Error in get_data_transformation_object
2024-05-07 18:37:46 - HEART_DISEASE_DETECTION_LOG - 2366800546 - INFO : Pipeline methods creation ends!!!
2024-05-07 18:40:05 - HEART_DISEASE_DETECTION_LOG - 3309119527 - INFO : Pipeline methods creation ends!!!
2024-05-07 18:40:57 - HEART_DISEASE_DETECTION_LOG - 3062929527 - INFO : numerical columns ['age', 'sex', 'chest pain type', 'resting bp s', 'cholesterol', 'fasting blood sugar', 'resting ecg', 'max heart rate', 'exercise angina', 'oldpeak', 'ST slope']
2024-05-07 18:40:57 - HEART_DISEASE_DETECTION_LOG - 3062929527 - INFO : Pipeline methods creation ends!!!
2024-05-07 18:42:06 - HEART_DISEASE_DETECTION_LOG - 1547743015 - INFO : Input and target feature segregated successfully!!!
2024-05-07 18:42:15 - HEART_DISEASE_DETECTION_LOG - 3200642975 - INFO : [[ 0.45007035 -1.52819039  0.90448464 ...  1.45798295  1.37268765
   1.07403133]
 [ 0.45007035  0.65436873 -1.52673452 ... -0.68587908 -0.83128929
  -0.93107153]
 [-1.2893678  -1.52819039 -1.52673452 ... -0.68587908  0.79269372
  -0.93107153]
 ...
 [ 0.68199543  0.65436873  0.90448464 ... -0.68587908 -0.83128929
  -0.93107153]
 [ 0.3341078   0.65436873 -1.52673452 ... -0.68587908 -0.83128929
  -0.93107153]
 [-1.17340526  0.65436873 -1.52673452 ... -0.68587908 -0.83128929
  -0.93107153]]
2024-05-07 18:43:50 - HEART_DISEASE_DETECTION_LOG - utils - INFO : 
====================================================================================

2024-05-07 18:43:50 - HEART_DISEASE_DETECTION_LOG - utils - INFO : The confusion matrix and classification report for the model: SVC is:
2024-05-07 18:43:50 - HEART_DISEASE_DETECTION_LOG - utils - INFO :               precision    recall  f1-score   support

         0.0       0.97      0.86      0.91        77
         1.0       0.86      0.97      0.91        71

    accuracy                           0.91       148
   macro avg       0.92      0.91      0.91       148
weighted avg       0.92      0.91      0.91       148

2024-05-07 18:43:50 - HEART_DISEASE_DETECTION_LOG - utils - INFO : 
====================================================================================

2024-05-07 18:43:50 - HEART_DISEASE_DETECTION_LOG - utils - INFO : 
====================================================================================

2024-05-07 18:43:50 - HEART_DISEASE_DETECTION_LOG - utils - INFO : The best parameters for the modelSVC are {'kernel': 'rbf', 'gamma': 'auto', 'degree': 4, 'C': 100}
2024-05-07 18:43:50 - HEART_DISEASE_DETECTION_LOG - utils - INFO : 
====================================================================================

2024-05-07 18:43:50 - HEART_DISEASE_DETECTION_LOG - utils - INFO : Model: SVC, Accuracy score: 0.9121621621621622
2024-05-07 18:43:50 - HEART_DISEASE_DETECTION_LOG - utils - INFO : 
====================================================================================

2024-05-07 18:43:50 - HEART_DISEASE_DETECTION_LOG - utils - INFO : The confusion matrix and classification report for the model: DecisionTree is:
2024-05-07 18:43:51 - HEART_DISEASE_DETECTION_LOG - utils - INFO :               precision    recall  f1-score   support

         0.0       0.84      0.96      0.90        77
         1.0       0.95      0.80      0.87        71

    accuracy                           0.89       148
   macro avg       0.90      0.88      0.88       148
weighted avg       0.89      0.89      0.88       148

2024-05-07 18:43:51 - HEART_DISEASE_DETECTION_LOG - utils - INFO : 
====================================================================================

2024-05-07 18:43:51 - HEART_DISEASE_DETECTION_LOG - utils - INFO : 
====================================================================================

2024-05-07 18:43:51 - HEART_DISEASE_DETECTION_LOG - utils - INFO : The best parameters for the modelDecisionTree are {'min_samples_split': 4, 'min_samples_leaf': 1, 'max_depth': 16}
2024-05-07 18:43:51 - HEART_DISEASE_DETECTION_LOG - utils - INFO : 
====================================================================================

2024-05-07 18:43:51 - HEART_DISEASE_DETECTION_LOG - utils - INFO : Model: DecisionTree, Accuracy score: 0.8851351351351351
2024-05-07 18:44:08 - HEART_DISEASE_DETECTION_LOG - utils - INFO : 
====================================================================================

2024-05-07 18:44:08 - HEART_DISEASE_DETECTION_LOG - utils - INFO : The confusion matrix and classification report for the model: RandomForest is:
2024-05-07 18:44:09 - HEART_DISEASE_DETECTION_LOG - utils - INFO :               precision    recall  f1-score   support

         0.0       0.96      0.92      0.94        77
         1.0       0.92      0.96      0.94        71

    accuracy                           0.94       148
   macro avg       0.94      0.94      0.94       148
weighted avg       0.94      0.94      0.94       148

2024-05-07 18:44:09 - HEART_DISEASE_DETECTION_LOG - utils - INFO : 
====================================================================================

2024-05-07 18:44:09 - HEART_DISEASE_DETECTION_LOG - utils - INFO : 
====================================================================================

2024-05-07 18:44:09 - HEART_DISEASE_DETECTION_LOG - utils - INFO : The best parameters for the modelRandomForest are {'n_estimators': 150, 'min_samples_split': 8, 'min_samples_leaf': 1, 'max_depth': 20}
2024-05-07 18:44:09 - HEART_DISEASE_DETECTION_LOG - utils - INFO : 
====================================================================================

2024-05-07 18:44:09 - HEART_DISEASE_DETECTION_LOG - utils - INFO : Model: RandomForest, Accuracy score: 0.9391891891891891
2024-05-07 18:44:41 - HEART_DISEASE_DETECTION_LOG - utils - INFO : 
====================================================================================

2024-05-07 18:44:41 - HEART_DISEASE_DETECTION_LOG - utils - INFO : The confusion matrix and classification report for the model: GradientBoostingClassification is:
2024-05-07 18:44:42 - HEART_DISEASE_DETECTION_LOG - utils - INFO :               precision    recall  f1-score   support

         0.0       0.92      0.95      0.94        77
         1.0       0.94      0.92      0.93        71

    accuracy                           0.93       148
   macro avg       0.93      0.93      0.93       148
weighted avg       0.93      0.93      0.93       148

2024-05-07 18:44:42 - HEART_DISEASE_DETECTION_LOG - utils - INFO : 
====================================================================================

2024-05-07 18:44:42 - HEART_DISEASE_DETECTION_LOG - utils - INFO : 
====================================================================================

2024-05-07 18:44:42 - HEART_DISEASE_DETECTION_LOG - utils - INFO : The best parameters for the modelGradientBoostingClassification are {'n_estimators': 150, 'min_samples_split': 4, 'min_samples_leaf': 5, 'max_depth': 10, 'learning_rate': 0.1}
2024-05-07 18:44:42 - HEART_DISEASE_DETECTION_LOG - utils - INFO : 
====================================================================================

2024-05-07 18:44:42 - HEART_DISEASE_DETECTION_LOG - utils - INFO : Model: GradientBoostingClassification, Accuracy score: 0.9324324324324325
2024-05-07 18:44:55 - HEART_DISEASE_DETECTION_LOG - utils - INFO : 
====================================================================================

2024-05-07 18:44:55 - HEART_DISEASE_DETECTION_LOG - utils - INFO : The confusion matrix and classification report for the model: BaggingClassification is:
2024-05-07 18:44:55 - HEART_DISEASE_DETECTION_LOG - utils - INFO :               precision    recall  f1-score   support

         0.0       0.93      0.96      0.94        77
         1.0       0.96      0.92      0.94        71

    accuracy                           0.94       148
   macro avg       0.94      0.94      0.94       148
weighted avg       0.94      0.94      0.94       148

2024-05-07 18:44:55 - HEART_DISEASE_DETECTION_LOG - utils - INFO : 
====================================================================================

2024-05-07 18:44:55 - HEART_DISEASE_DETECTION_LOG - utils - INFO : 
====================================================================================

2024-05-07 18:44:55 - HEART_DISEASE_DETECTION_LOG - utils - INFO : The best parameters for the modelBaggingClassification are {'n_estimators': 100, 'max_samples': 1.0, 'max_features': 0.5, 'bootstrap_features': False, 'bootstrap': False}
2024-05-07 18:44:55 - HEART_DISEASE_DETECTION_LOG - utils - INFO : 
====================================================================================

2024-05-07 18:44:55 - HEART_DISEASE_DETECTION_LOG - utils - INFO : Model: BaggingClassification, Accuracy score: 0.9391891891891891
2024-05-07 18:44:55 - HEART_DISEASE_DETECTION_LOG - utils - INFO : Model evaluation complete
2024-05-07 18:45:06 - HEART_DISEASE_DETECTION_LOG - 1915994852 - INFO : 
====================================================================================

2024-05-07 18:45:06 - HEART_DISEASE_DETECTION_LOG - 1915994852 - INFO : Model Report : {'SVC': 0.9121621621621622, 'DecisionTree': 0.8851351351351351, 'RandomForest': 0.9391891891891891, 'GradientBoostingClassification': 0.9324324324324325, 'BaggingClassification': 0.9391891891891891}
2024-05-07 18:45:06 - HEART_DISEASE_DETECTION_LOG - 1915994852 - INFO : 
====================================================================================

2024-05-07 18:45:43 - HEART_DISEASE_DETECTION_LOG - 4186424821 - INFO : 
====================================================================================

2024-05-07 18:45:43 - HEART_DISEASE_DETECTION_LOG - 4186424821 - INFO : Best Model: RandomForest ## Best Model Score : 0.9391891891891891
2024-05-07 18:45:43 - HEART_DISEASE_DETECTION_LOG - 4186424821 - INFO : 
====================================================================================

