2024-05-07 17:14:03 - HEART_DISEASE_DETECTION_LOG - data_ingetion - INFO : The current directory for data Ingetion is C:\Users\abhishdutta\Desktop\PRD Projects\IBM WatsonX\Heart Disease Classification
2024-05-07 17:14:03 - HEART_DISEASE_DETECTION_LOG - data_ingetion - INFO : Initiating data ingetion process...
2024-05-07 17:14:03 - HEART_DISEASE_DETECTION_LOG - data_ingetion - INFO : Data read
2024-05-07 17:14:03 - HEART_DISEASE_DETECTION_LOG - data_ingetion - INFO : Raw data saved at C:\Users\abhishdutta\Desktop\PRD Projects\IBM WatsonX\Heart Disease Classification\artifacts\raw.csv
2024-05-07 17:14:03 - HEART_DISEASE_DETECTION_LOG - data_ingetion - INFO : Data ingetion process completed...
2024-05-07 17:14:03 - HEART_DISEASE_DETECTION_LOG - data_ingetion - INFO : Train data shape: (952, 12)
2024-05-07 17:14:03 - HEART_DISEASE_DETECTION_LOG - data_ingetion - INFO : Test data shape: (238, 12)
2024-05-07 17:14:03 - HEART_DISEASE_DETECTION_LOG - data_ingetion - INFO : Train data saved at C:\Users\abhishdutta\Desktop\PRD Projects\IBM WatsonX\Heart Disease Classification\artifacts\train.csv
2024-05-07 17:14:03 - HEART_DISEASE_DETECTION_LOG - data_ingetion - INFO : Test data saved at C:\Users\abhishdutta\Desktop\PRD Projects\IBM WatsonX\Heart Disease Classification\artifacts\test.csv
2024-05-07 17:14:03 - HEART_DISEASE_DETECTION_LOG - data_ingetion - INFO : Data Ingetion process completed...
2024-05-07 17:14:03 - HEART_DISEASE_DETECTION_LOG - data_transformation - INFO : Initiating data transformation process...
2024-05-07 17:14:03 - HEART_DISEASE_DETECTION_LOG - data_transformation - INFO : Data loaded successfully
2024-05-07 17:14:03 - HEART_DISEASE_DETECTION_LOG - data_transformation - INFO : Number columns identified successfully
2024-05-07 17:14:03 - HEART_DISEASE_DETECTION_LOG - data_transformation - INFO : Outliers removed!!!
2024-05-07 17:14:03 - HEART_DISEASE_DETECTION_LOG - data_transformation - INFO : Outliers removed!!!
2024-05-07 17:14:03 - HEART_DISEASE_DETECTION_LOG - utils - INFO : Outliers removed!!!
2024-05-07 17:14:03 - HEART_DISEASE_DETECTION_LOG - data_transformation - INFO : Categorical columns  and numerical columns divided successfully
2024-05-07 17:14:03 - HEART_DISEASE_DETECTION_LOG - data_transformation - INFO : Empty values filled with mode successfully
2024-05-07 17:14:03 - HEART_DISEASE_DETECTION_LOG - data_transformation - INFO : Empty values filled with mode successfully
2024-05-07 17:14:03 - HEART_DISEASE_DETECTION_LOG - data_transformation - INFO : Categories created successfully!!!
2024-05-07 17:14:03 - HEART_DISEASE_DETECTION_LOG - data_transformation - INFO : Pipeline methods creation ends!!!
2024-05-07 17:14:03 - HEART_DISEASE_DETECTION_LOG - data_transformation - INFO : Input and target feature segregated successfully!!!
2024-05-07 17:14:03 - HEART_DISEASE_DETECTION_LOG - data_transformation - INFO : [[ 0.45007035 -1.52819039  0.90448464 ...  1.45798295  1.37268765
   1.07403133]
 [ 0.45007035  0.65436873 -1.52673452 ... -0.68587908 -0.83128929
  -0.93107153]
 [-1.2893678  -1.52819039 -1.52673452 ... -0.68587908  0.79269372
  -0.93107153]
 ...
 [ 0.68199543  0.65436873  0.90448464 ... -0.68587908 -0.83128929
  -0.93107153]
 [ 0.3341078   0.65436873 -1.52673452 ... -0.68587908 -0.83128929
  -0.93107153]
 [-1.17340526  0.65436873 -1.52673452 ... -0.68587908 -0.83128929
  -0.93107153]]
2024-05-07 17:14:03 - HEART_DISEASE_DETECTION_LOG - data_transformation - INFO : Preprocessing done successfully!!!
2024-05-07 17:14:03 - HEART_DISEASE_DETECTION_LOG - data_transformation - INFO : Data transformation done successfully!!!
2024-05-07 17:14:03 - HEART_DISEASE_DETECTION_LOG - data_transformation - INFO : ordinal_columns_mapping.json created successfully!!!
2024-05-07 17:14:03 - HEART_DISEASE_DETECTION_LOG - utils - INFO : Object saved successfully
